Compiling the CXX compiler identification source file "CMakeCXXCompilerId.cpp" failed.
Compiler:  
Build flags: 
Id flags:  

The output was:
1
Microsoft (R) Build Engine версии 17.1.0+ae57d105c для .NET Framework
(C) Корпорация Майкрософт (Microsoft Corporation). Все права защищены.

Сборка начата 27.02.2023 8:16:05.
Проект "C:\MyProgectQt\ColorView\CMakeFiles\3.23.0\CompilerIdCXX\CompilerIdCXX.vcxproj" в узле 1 (целевые объекты по умолчанию).
PrepareForBuild:
  Создание каталога "Debug\".
  Создание каталога "Debug\CompilerIdCXX.tlog\".
InitializeBuildStatus:
  Создание "Debug\CompilerIdCXX.tlog\unsuccessfulbuild", так как было задано "AlwaysCreate".
ClCompile:
  C:\Program Files\Microsoft Visual Studio\2022\Community\VC\Tools\MSVC\14.31.31103\bin\HostX64\x64\CL.exe /c /nologo /W0 /WX- /diagnostics:column /Od /D _MBCS /Gm- /EHsc /RTC1 /MDd /GS /fp:precise /Zc:wchar_t /Zc:forScope /Zc:inline /Fo"Debug\\" /Fd"Debug\vc143.pdb" /external:W0 /Gd /TP /FC /errorReport:queue CMakeCXXCompilerId.cpp
  CMakeCXXCompilerId.cpp
Link:
  C:\Program Files\Microsoft Visual Studio\2022\Community\VC\Tools\MSVC\14.31.31103\bin\HostX64\x64\link.exe /ERRORREPORT:QUEUE /OUT:".\CompilerIdCXX.exe" /INCREMENTAL:NO /NOLOGO kernel32.lib user32.lib gdi32.lib winspool.lib comdlg32.lib advapi32.lib shell32.lib ole32.lib oleaut32.lib uuid.lib odbc32.lib odbccp32.lib /MANIFEST /MANIFESTUAC:"level='asInvoker' uiAccess='false'" /manifest:embed /PDB:".\CompilerIdCXX.pdb" /SUBSYSTEM:CONSOLE /TLBID:1 /DYNAMICBASE /NXCOMPAT /IMPLIB:".\CompilerIdCXX.lib" /MACHINE:X64 Debug\CMakeCXXCompilerId.obj
LINK : fatal error LNK1104: не удается открыть файл "ucrtd.lib" [C:\MyProgectQt\ColorView\CMakeFiles\3.23.0\CompilerIdCXX\CompilerIdCXX.vcxproj]
Сборка проекта "C:\MyProgectQt\ColorView\CMakeFiles\3.23.0\CompilerIdCXX\CompilerIdCXX.vcxproj" завершена (целевые объекты по умолчанию) с ошибкой.

Ошибка сборки.

"C:\MyProgectQt\ColorView\CMakeFiles\3.23.0\CompilerIdCXX\CompilerIdCXX.vcxproj" (целевой объект по умолчанию) (1) ->
(Целевой объект Link) -> 
  LINK : fatal error LNK1104: не удается открыть файл "ucrtd.lib" [C:\MyProgectQt\ColorView\CMakeFiles\3.23.0\CompilerIdCXX\CompilerIdCXX.vcxproj]

    Предупреждений: 0
    Ошибок: 1

Прошло времени 00:00:05.06


Compiling the CXX compiler identification source file "CMakeCXXCompilerId.cpp" failed.
Compiler:  
Build flags: 
Id flags:  

The output was:
1
Microsoft (R) Build Engine версии 17.1.0+ae57d105c для .NET Framework
(C) Корпорация Майкрософт (Microsoft Corporation). Все права защищены.

Сборка начата 27.02.2023 8:16:11.
Проект "C:\MyProgectQt\ColorView\CMakeFiles\3.23.0\CompilerIdCXX\CompilerIdCXX.vcxproj" в узле 1 (целевые объекты по умолчанию).
PrepareForBuild:
  Создание каталога "Debug\".
  Создание каталога "Debug\CompilerIdCXX.tlog\".
InitializeBuildStatus:
  Создание "Debug\CompilerIdCXX.tlog\unsuccessfulbuild", так как было задано "AlwaysCreate".
ClCompile:
  C:\Program Files\Microsoft Visual Studio\2022\Community\VC\Tools\MSVC\14.31.31103\bin\HostX64\x64\CL.exe /c /nologo /W0 /WX- /diagnostics:column /Od /D _MBCS /Gm- /EHsc /RTC1 /MDd /GS /fp:precise /Zc:wchar_t /Zc:forScope /Zc:inline /Fo"Debug\\" /Fd"Debug\vc143.pdb" /external:W0 /Gd /TP /FC /errorReport:queue CMakeCXXCompilerId.cpp
  CMakeCXXCompilerId.cpp
Link:
  C:\Program Files\Microsoft Visual Studio\2022\Community\VC\Tools\MSVC\14.31.31103\bin\HostX64\x64\link.exe /ERRORREPORT:QUEUE /OUT:".\CompilerIdCXX.exe" /INCREMENTAL:NO /NOLOGO kernel32.lib user32.lib gdi32.lib winspool.lib comdlg32.lib advapi32.lib shell32.lib ole32.lib oleaut32.lib uuid.lib odbc32.lib odbccp32.lib /MANIFEST /MANIFESTUAC:"level='asInvoker' uiAccess='false'" /manifest:embed /PDB:".\CompilerIdCXX.pdb" /SUBSYSTEM:CONSOLE /TLBID:1 /DYNAMICBASE /NXCOMPAT /IMPLIB:".\CompilerIdCXX.lib" /MACHINE:X64 Debug\CMakeCXXCompilerId.obj
LINK : fatal error LNK1104: не удается открыть файл "ucrtd.lib" [C:\MyProgectQt\ColorView\CMakeFiles\3.23.0\CompilerIdCXX\CompilerIdCXX.vcxproj]
Сборка проекта "C:\MyProgectQt\ColorView\CMakeFiles\3.23.0\CompilerIdCXX\CompilerIdCXX.vcxproj" завершена (целевые объекты по умолчанию) с ошибкой.

Ошибка сборки.

"C:\MyProgectQt\ColorView\CMakeFiles\3.23.0\CompilerIdCXX\CompilerIdCXX.vcxproj" (целевой объект по умолчанию) (1) ->
(Целевой объект Link) -> 
  LINK : fatal error LNK1104: не удается открыть файл "ucrtd.lib" [C:\MyProgectQt\ColorView\CMakeFiles\3.23.0\CompilerIdCXX\CompilerIdCXX.vcxproj]

    Предупреждений: 0
    Ошибок: 1

Прошло времени 00:00:02.77


Compiling the CXX compiler identification source file "CMakeCXXCompilerId.cpp" failed.
Compiler:  
Build flags: 
Id flags:  

The output was:
1
Microsoft (R) Build Engine версии 17.1.0+ae57d105c для .NET Framework
(C) Корпорация Майкрософт (Microsoft Corporation). Все права защищены.

Сборка начата 27.02.2023 8:17:20.
Проект "C:\MyProgectQt\ColorView\CMakeFiles\3.23.0\CompilerIdCXX\CompilerIdCXX.vcxproj" в узле 1 (целевые объекты по умолчанию).
PrepareForBuild:
  Создание каталога "Debug\".
  Создание каталога "Debug\CompilerIdCXX.tlog\".
InitializeBuildStatus:
  Создание "Debug\CompilerIdCXX.tlog\unsuccessfulbuild", так как было задано "AlwaysCreate".
ClCompile:
  C:\Program Files\Microsoft Visual Studio\2022\Community\VC\Tools\MSVC\14.31.31103\bin\HostX64\x64\CL.exe /c /nologo /W0 /WX- /diagnostics:column /Od /D _MBCS /Gm- /EHsc /RTC1 /MDd /GS /fp:precise /Zc:wchar_t /Zc:forScope /Zc:inline /Fo"Debug\\" /Fd"Debug\vc143.pdb" /external:W0 /Gd /TP /FC /errorReport:queue CMakeCXXCompilerId.cpp
  CMakeCXXCompilerId.cpp
Link:
  C:\Program Files\Microsoft Visual Studio\2022\Community\VC\Tools\MSVC\14.31.31103\bin\HostX64\x64\link.exe /ERRORREPORT:QUEUE /OUT:".\CompilerIdCXX.exe" /INCREMENTAL:NO /NOLOGO kernel32.lib user32.lib gdi32.lib winspool.lib comdlg32.lib advapi32.lib shell32.lib ole32.lib oleaut32.lib uuid.lib odbc32.lib odbccp32.lib /MANIFEST /MANIFESTUAC:"level='asInvoker' uiAccess='false'" /manifest:embed /PDB:".\CompilerIdCXX.pdb" /SUBSYSTEM:CONSOLE /TLBID:1 /DYNAMICBASE /NXCOMPAT /IMPLIB:".\CompilerIdCXX.lib" /MACHINE:X64 Debug\CMakeCXXCompilerId.obj
LINK : fatal error LNK1104: не удается открыть файл "ucrtd.lib" [C:\MyProgectQt\ColorView\CMakeFiles\3.23.0\CompilerIdCXX\CompilerIdCXX.vcxproj]
Сборка проекта "C:\MyProgectQt\ColorView\CMakeFiles\3.23.0\CompilerIdCXX\CompilerIdCXX.vcxproj" завершена (целевые объекты по умолчанию) с ошибкой.

Ошибка сборки.

"C:\MyProgectQt\ColorView\CMakeFiles\3.23.0\CompilerIdCXX\CompilerIdCXX.vcxproj" (целевой объект по умолчанию) (1) ->
(Целевой объект Link) -> 
  LINK : fatal error LNK1104: не удается открыть файл "ucrtd.lib" [C:\MyProgectQt\ColorView\CMakeFiles\3.23.0\CompilerIdCXX\CompilerIdCXX.vcxproj]

    Предупреждений: 0
    Ошибок: 1

Прошло времени 00:00:03.25


Compiling the CXX compiler identification source file "CMakeCXXCompilerId.cpp" failed.
Compiler:  
Build flags: 
Id flags:  

The output was:
1
Microsoft (R) Build Engine версии 17.1.0+ae57d105c для .NET Framework
(C) Корпорация Майкрософт (Microsoft Corporation). Все права защищены.

Сборка начата 27.02.2023 8:17:25.
Проект "C:\MyProgectQt\ColorView\CMakeFiles\3.23.0\CompilerIdCXX\CompilerIdCXX.vcxproj" в узле 1 (целевые объекты по умолчанию).
PrepareForBuild:
  Создание каталога "Debug\".
  Создание каталога "Debug\CompilerIdCXX.tlog\".
InitializeBuildStatus:
  Создание "Debug\CompilerIdCXX.tlog\unsuccessfulbuild", так как было задано "AlwaysCreate".
ClCompile:
  C:\Program Files\Microsoft Visual Studio\2022\Community\VC\Tools\MSVC\14.31.31103\bin\HostX64\x64\CL.exe /c /nologo /W0 /WX- /diagnostics:column /Od /D _MBCS /Gm- /EHsc /RTC1 /MDd /GS /fp:precise /Zc:wchar_t /Zc:forScope /Zc:inline /Fo"Debug\\" /Fd"Debug\vc143.pdb" /external:W0 /Gd /TP /FC /errorReport:queue CMakeCXXCompilerId.cpp
  CMakeCXXCompilerId.cpp
Link:
  C:\Program Files\Microsoft Visual Studio\2022\Community\VC\Tools\MSVC\14.31.31103\bin\HostX64\x64\link.exe /ERRORREPORT:QUEUE /OUT:".\CompilerIdCXX.exe" /INCREMENTAL:NO /NOLOGO kernel32.lib user32.lib gdi32.lib winspool.lib comdlg32.lib advapi32.lib shell32.lib ole32.lib oleaut32.lib uuid.lib odbc32.lib odbccp32.lib /MANIFEST /MANIFESTUAC:"level='asInvoker' uiAccess='false'" /manifest:embed /PDB:".\CompilerIdCXX.pdb" /SUBSYSTEM:CONSOLE /TLBID:1 /DYNAMICBASE /NXCOMPAT /IMPLIB:".\CompilerIdCXX.lib" /MACHINE:X64 Debug\CMakeCXXCompilerId.obj
LINK : fatal error LNK1104: не удается открыть файл "ucrtd.lib" [C:\MyProgectQt\ColorView\CMakeFiles\3.23.0\CompilerIdCXX\CompilerIdCXX.vcxproj]
Сборка проекта "C:\MyProgectQt\ColorView\CMakeFiles\3.23.0\CompilerIdCXX\CompilerIdCXX.vcxproj" завершена (целевые объекты по умолчанию) с ошибкой.

Ошибка сборки.

"C:\MyProgectQt\ColorView\CMakeFiles\3.23.0\CompilerIdCXX\CompilerIdCXX.vcxproj" (целевой объект по умолчанию) (1) ->
(Целевой объект Link) -> 
  LINK : fatal error LNK1104: не удается открыть файл "ucrtd.lib" [C:\MyProgectQt\ColorView\CMakeFiles\3.23.0\CompilerIdCXX\CompilerIdCXX.vcxproj]

    Предупреждений: 0
    Ошибок: 1

Прошло времени 00:00:02.93


